# JRE version: OpenJDK Runtime Environment (8.0_242-b01) (build 1.8.0_242-release-1644-b01)
# Java VM: OpenJDK 64-Bit Server VM (25.242-b01 mixed mode windows-amd64 compressed oops)
Heap:
 PSYoungGen      total 124416K, used 61463K [0x00000000d5580000, 0x00000000de700000, 0x0000000100000000)
  eden space 113152K, 54% used [0x00000000d5580000,0x00000000d9185f60,0x00000000dc400000)
  from space 11264K, 0% used [0x00000000dd100000,0x00000000dd100000,0x00000000ddc00000)
  to   space 8192K, 0% used [0x00000000ddf00000,0x00000000ddf00000,0x00000000de700000)
 ParOldGen       total 51200K, used 17507K [0x0000000080000000, 0x0000000083200000, 0x00000000d5580000)
  object space 51200K, 34% used [0x0000000080000000,0x0000000081118d50,0x0000000083200000)
 Metaspace       used 36280K, capacity 37714K, committed 37928K, reserved 1081344K
  class space    used 5005K, capacity 5312K, committed 5424K, reserved 1048576K
GC Heap History (10 events):
Event: 1.932 GC heap before
{Heap before GC invocations=7 (full 0):
 PSYoungGen      total 75264K, used 14098K [0x00000000d5580000, 0x00000000daa80000, 0x0000000100000000)
  eden space 65024K, 8% used [0x00000000d5580000,0x00000000d5ac99a0,0x00000000d9500000)
  from space 10240K, 84% used [0x00000000d9f80000,0x00000000da7fb250,0x00000000da980000)
  to   space 10752K, 0% used [0x00000000d9500000,0x00000000d9500000,0x00000000d9f80000)
 ParOldGen       total 86016K, used 6580K [0x0000000080000000, 0x0000000085400000, 0x00000000d5580000)
  object space 86016K, 7% used [0x0000000080000000,0x000000008066d3f8,0x0000000085400000)
 Metaspace       used 20560K, capacity 21224K, committed 21296K, reserved 1067008K
  class space    used 2879K, capacity 3076K, committed 3120K, reserved 1048576K
Event: 1.936 GC heap after
Heap after GC invocations=7 (full 0):
 PSYoungGen      total 75776K, used 3924K [0x00000000d5580000, 0x00000000de980000, 0x0000000100000000)
  eden space 65024K, 0% used [0x00000000d5580000,0x00000000d5580000,0x00000000d9500000)
  from space 10752K, 36% used [0x00000000d9500000,0x00000000d98d5040,0x00000000d9f80000)
  to   space 10752K, 0% used [0x00000000ddf00000,0x00000000ddf00000,0x00000000de980000)
 ParOldGen       total 86016K, used 8965K [0x0000000080000000, 0x0000000085400000, 0x00000000d5580000)
  object space 86016K, 10% used [0x0000000080000000,0x00000000808c1468,0x0000000085400000)
 Metaspace       used 20560K, capacity 21224K, committed 21296K, reserved 1067008K
  class space    used 2879K, capacity 3076K, committed 3120K, reserved 1048576K
}
Event: 1.936 GC heap before
{Heap before GC invocations=8 (full 1):
 PSYoungGen      total 75776K, used 3924K [0x00000000d5580000, 0x00000000de980000, 0x0000000100000000)
  eden space 65024K, 0% used [0x00000000d5580000,0x00000000d5580000,0x00000000d9500000)
  from space 10752K, 36% used [0x00000000d9500000,0x00000000d98d5040,0x00000000d9f80000)
  to   space 10752K, 0% used [0x00000000ddf00000,0x00000000ddf00000,0x00000000de980000)
 ParOldGen       total 86016K, used 8965K [0x0000000080000000, 0x0000000085400000, 0x00000000d5580000)
  object space 86016K, 10% used [0x0000000080000000,0x00000000808c1468,0x0000000085400000)
 Metaspace       used 20560K, capacity 21224K, committed 21296K, reserved 1067008K
  class space    used 2879K, capacity 3076K, committed 3120K, reserved 1048576K
Event: 1.960 GC heap after
Heap after GC invocations=8 (full 1):
 PSYoungGen      total 75776K, used 0K [0x00000000d5580000, 0x00000000de980000, 0x0000000100000000)
  eden space 65024K, 0% used [0x00000000d5580000,0x00000000d5580000,0x00000000d9500000)
  from space 10752K, 0% used [0x00000000d9500000,0x00000000d9500000,0x00000000d9f80000)
  to   space 10752K, 0% used [0x00000000ddf00000,0x00000000ddf00000,0x00000000de980000)
 ParOldGen       total 51200K, used 6828K [0x0000000080000000, 0x0000000083200000, 0x00000000d5580000)
  object space 51200K, 13% used [0x0000000080000000,0x00000000806ab108,0x0000000083200000)
 Metaspace       used 20560K, capacity 21224K, committed 21296K, reserved 1067008K
  class space    used 2879K, capacity 3076K, committed 3120K, reserved 1048576K
}
Event: 2.488 GC heap before
{Heap before GC invocations=9 (full 1):
 PSYoungGen      total 75776K, used 65024K [0x00000000d5580000, 0x00000000de980000, 0x0000000100000000)
  eden space 65024K, 100% used [0x00000000d5580000,0x00000000d9500000,0x00000000d9500000)
  from space 10752K, 0% used [0x00000000d9500000,0x00000000d9500000,0x00000000d9f80000)
  to   space 10752K, 0% used [0x00000000ddf00000,0x00000000ddf00000,0x00000000de980000)
 ParOldGen       total 51200K, used 6828K [0x0000000080000000, 0x0000000083200000, 0x00000000d5580000)
  object space 51200K, 13% used [0x0000000080000000,0x00000000806ab108,0x0000000083200000)
 Metaspace       used 28489K, capacity 29374K, committed 29616K, reserved 1075200K
  class space    used 3952K, capacity 4187K, committed 4272K, reserved 1048576K
Event: 2.493 GC heap after
Heap after GC invocations=9 (full 1):
 PSYoungGen      total 121344K, used 8100K [0x00000000d5580000, 0x00000000de700000, 0x0000000100000000)
  eden space 113152K, 0% used [0x00000000d5580000,0x00000000d5580000,0x00000000dc400000)
  from space 8192K, 98% used [0x00000000ddf00000,0x00000000de6e9208,0x00000000de700000)
  to   space 11264K, 0% used [0x00000000dd100000,0x00000000dd100000,0x00000000ddc00000)
 ParOldGen       total 51200K, used 6836K [0x0000000080000000, 0x0000000083200000, 0x00000000d5580000)
  object space 51200K, 13% used [0x0000000080000000,0x00000000806ad108,0x0000000083200000)
 Metaspace       used 28489K, capacity 29374K, committed 29616K, reserved 1075200K
  class space    used 3952K, capacity 4187K, committed 4272K, reserved 1048576K
}
Event: 3.278 GC heap before
{Heap before GC invocations=10 (full 1):
 PSYoungGen      total 121344K, used 107443K [0x00000000d5580000, 0x00000000de700000, 0x0000000100000000)
  eden space 113152K, 87% used [0x00000000d5580000,0x00000000db683d48,0x00000000dc400000)
  from space 8192K, 98% used [0x00000000ddf00000,0x00000000de6e9208,0x00000000de700000)
  to   space 11264K, 0% used [0x00000000dd100000,0x00000000dd100000,0x00000000ddc00000)
 ParOldGen       total 51200K, used 6836K [0x0000000080000000, 0x0000000083200000, 0x00000000d5580000)
  object space 51200K, 13% used [0x0000000080000000,0x00000000806ad108,0x0000000083200000)
 Metaspace       used 34331K, capacity 35420K, committed 35496K, reserved 1079296K
  class space    used 4732K, capacity 5003K, committed 5040K, reserved 1048576K
Event: 3.287 GC heap after
Heap after GC invocations=10 (full 1):
 PSYoungGen      total 124416K, used 11261K [0x00000000d5580000, 0x00000000de700000, 0x0000000100000000)
  eden space 113152K, 0% used [0x00000000d5580000,0x00000000d5580000,0x00000000dc400000)
  from space 11264K, 99% used [0x00000000dd100000,0x00000000ddbff620,0x00000000ddc00000)
  to   space 8192K, 0% used [0x00000000ddf00000,0x00000000ddf00000,0x00000000de700000)
 ParOldGen       total 51200K, used 6924K [0x0000000080000000, 0x0000000083200000, 0x00000000d5580000)
  object space 51200K, 13% used [0x0000000080000000,0x00000000806c32d0,0x0000000083200000)
 Metaspace       used 34331K, capacity 35420K, committed 35496K, reserved 1079296K
  class space    used 4732K, capacity 5003K, committed 5040K, reserved 1048576K
}
Event: 3.287 GC heap before
{Heap before GC invocations=11 (full 2):
 PSYoungGen      total 124416K, used 11261K [0x00000000d5580000, 0x00000000de700000, 0x0000000100000000)
  eden space 113152K, 0% used [0x00000000d5580000,0x00000000d5580000,0x00000000dc400000)
  from space 11264K, 99% used [0x00000000dd100000,0x00000000ddbff620,0x00000000ddc00000)
  to   space 8192K, 0% used [0x00000000ddf00000,0x00000000ddf00000,0x00000000de700000)
 ParOldGen       total 51200K, used 6924K [0x0000000080000000, 0x0000000083200000, 0x00000000d5580000)
  object space 51200K, 13% used [0x0000000080000000,0x00000000806c32d0,0x0000000083200000)
 Metaspace       used 34331K, capacity 35420K, committed 35496K, reserved 1079296K
  class space    used 4732K, capacity 5003K, committed 5040K, reserved 1048576K
Event: 3.342 GC heap after
Heap after GC invocations=11 (full 2):
 PSYoungGen      total 124416K, used 0K [0x00000000d5580000, 0x00000000de700000, 0x0000000100000000)
  eden space 113152K, 0% used [0x00000000d5580000,0x00000000d5580000,0x00000000dc400000)
  from space 11264K, 0% used [0x00000000dd100000,0x00000000dd100000,0x00000000ddc00000)
  to   space 8192K, 0% used [0x00000000ddf00000,0x00000000ddf00000,0x00000000de700000)
 ParOldGen       total 51200K, used 17507K [0x0000000080000000, 0x0000000083200000, 0x00000000d5580000)
  object space 51200K, 34% used [0x0000000080000000,0x0000000081118d50,0x0000000083200000)
 Metaspace       used 34331K, capacity 35420K, committed 35496K, reserved 1079296K
  class space    used 4732K, capacity 5003K, committed 5040K, reserved 1048576K
}

